<?xml version="1.0" encoding="UTF-8"?>
<testsuites>
  <testsuite name="WebTest" file="C:\wamp\www\uni\abc\CodeIgniter-3.0.0\application\tests\WebTest.php" tests="2" assertions="4" failures="0" errors="0" time="24.919076">
    <testcase name="testTitle" class="WebTest" file="C:\wamp\www\uni\abc\CodeIgniter-3.0.0\application\tests\WebTest.php" line="10" assertions="2" time="11.795315"/>
    <testcase name="testHomepage" class="WebTest" file="C:\wamp\www\uni\abc\CodeIgniter-3.0.0\application\tests\WebTest.php" line="26" assertions="2" time="13.123761"/>
  </testsuite>
</testsuites>
